2023-12-08 12:01:56,117 - INFO - A new post has been created with this title Test Post
2023-12-08 12:03:20,290 - INFO - A new post has been created with this title Test Post
2023-12-08 12:04:09,037 - INFO - A new user has been created with this username Hessam
2023-12-08 12:04:09,039 - INFO - A new post has been created with this title Test Post
2023-12-08 12:04:40,373 - INFO - A new user has been created with this username Hessam
2023-12-08 12:04:40,374 - INFO - A new post has been created with this title Test Post
2023-12-08 12:07:28,519 - INFO - A new post has been created with this title Test Post
2023-12-08 12:08:28,365 - INFO - A new post has been created with this title Test Post
2023-12-08 12:08:56,614 - INFO - A new post has been created with this title Test Post
2023-12-08 12:11:36,787 - INFO - A new post has been created with this title Test Post
2023-12-08 12:18:17,093 - INFO - A new post has been created with this title Test Post
2023-12-08 12:21:10,763 - INFO - A new post has been created with this title Test Post
2023-12-08 12:24:56,982 - INFO - A new post has been created with this title Test Post
2023-12-08 12:26:28,554 - INFO - A new post has been created with this title Test Post
2023-12-08 12:28:29,132 - INFO - A new post has been created with this title Test Post
2023-12-08 12:30:34,211 - INFO - A new post has been created with this title Test Post
2023-12-08 12:32:30,983 - INFO - A new post has been created with this title Test Post
2023-12-08 12:34:07,555 - INFO - A new post has been created with this title Test Post
2023-12-08 12:35:42,496 - INFO - A new post has been created with this title Test Post
2023-12-08 12:37:11,779 - INFO - A new post has been created with this title Test Post
2023-12-08 12:37:36,193 - INFO - A new post has been created with this title Test Post
2023-12-08 12:38:11,639 - INFO - A new post has been created with this title Test Post
2023-12-08 12:40:25,227 - INFO - A new post has been created with this title Test Post
2023-12-08 12:43:35,987 - INFO - A new post has been created with this title Test Post
2023-12-08 12:44:03,588 - INFO - A new post has been created with this title Test Post
2023-12-08 12:48:18,812 - INFO - A new post has been created with this title social media
2023-12-08 13:03:09,386 - INFO - A new post has been created with this title Test Post
2023-12-08 13:05:33,714 - INFO - A new post has been created with this title Test Post
2023-12-08 13:06:49,210 - INFO - A new post has been created with this title Test Post
2023-12-08 14:04:53,477 - INFO - A new post has been created with this title Test Post
2023-12-08 14:08:32,357 - INFO - A new post has been created with this title Test Post
2023-12-08 14:08:32,381 - INFO - A new post has been created with this title Test Remove
2023-12-08 18:11:56,737 - INFO - A new post has been created with this title Movie Lovers
2023-12-08 18:11:56,741 - INFO - 2023-12-08 18:11:56 - Create post - <__main__.POST object at 0x0000023F4C0DC110>
